# JRE version: OpenJDK Runtime Environment Temurin-21.0.10+7 (21.0.10+7) (build 21.0.10+7-LTS)
# Java VM: OpenJDK 64-Bit Server VM Temurin-21.0.10+7 (21.0.10+7-LTS, mixed mode, sharing, tiered, compressed oops, compressed class ptrs, parallel gc, windows-amd64)
GC Precious Log:
 CardTable entry size: 512
 CPUs: 8 total, 8 available
 Memory: 16221M
 Large Page Support: Disabled
 NUMA Support: Disabled
 Compressed Oops: Enabled (32-bit)
 Alignments: Space 512K, Generation 512K, Heap 2M
 Heap Min Capacity: 100M
 Heap Initial Capacity: 100M
 Heap Max Capacity: 2G
 Pre-touch: Disabled
 Parallel Workers: 8
Heap:
 PSYoungGen      total 21504K, used 10596K [0x00000000d5580000, 0x00000000d7580000, 0x0000000100000000)
  eden space 20480K, 46% used [0x00000000d5580000,0x00000000d5edc8d0,0x00000000d6980000)
  from space 1024K, 98% used [0x00000000d7400000,0x00000000d74fc918,0x00000000d7500000)
  to   space 512K, 0% used [0x00000000d7500000,0x00000000d7500000,0x00000000d7580000)
 ParOldGen       total 68608K, used 55283K [0x0000000080000000, 0x0000000084300000, 0x00000000d5580000)
  object space 68608K, 80% used [0x0000000080000000,0x00000000835fcdd0,0x0000000084300000)
 Metaspace       used 65184K, committed 66624K, reserved 1114112K
  class space    used 7692K, committed 8320K, reserved 1048576K
GC Heap History (20 events):
Event: 22.029 GC heap before
{Heap before GC invocations=33 (full 2):
 PSYoungGen      total 22528K, used 21773K [0x00000000d5580000, 0x00000000d6d80000, 0x0000000100000000)
  eden space 20480K, 99% used [0x00000000d5580000,0x00000000d6953448,0x00000000d6980000)
  from space 2048K, 71% used [0x00000000d6b80000,0x00000000d6cf0020,0x00000000d6d80000)
  to   space 2048K, 0% used [0x00000000d6980000,0x00000000d6980000,0x00000000d6b80000)
 ParOldGen       total 68608K, used 39852K [0x0000000080000000, 0x0000000084300000, 0x00000000d5580000)
  object space 68608K, 58% used [0x0000000080000000,0x00000000826eb230,0x0000000084300000)
 Metaspace       used 56059K, committed 57344K, reserved 1114112K
  class space    used 6260K, committed 6848K, reserved 1048576K
}
Event: 22.033 GC heap after
{Heap after GC invocations=33 (full 2):
 PSYoungGen      total 22528K, used 2040K [0x00000000d5580000, 0x00000000d8580000, 0x0000000100000000)
  eden space 20480K, 0% used [0x00000000d5580000,0x00000000d5580000,0x00000000d6980000)
  from space 2048K, 99% used [0x00000000d6980000,0x00000000d6b7e198,0x00000000d6b80000)
  to   space 14336K, 0% used [0x00000000d7780000,0x00000000d7780000,0x00000000d8580000)
 ParOldGen       total 68608K, used 49901K [0x0000000080000000, 0x0000000084300000, 0x00000000d5580000)
  object space 68608K, 72% used [0x0000000080000000,0x00000000830bb570,0x0000000084300000)
 Metaspace       used 56059K, committed 57344K, reserved 1114112K
  class space    used 6260K, committed 6848K, reserved 1048576K
}
Event: 24.296 GC heap before
{Heap before GC invocations=34 (full 2):
 PSYoungGen      total 22528K, used 22520K [0x00000000d5580000, 0x00000000d8580000, 0x0000000100000000)
  eden space 20480K, 100% used [0x00000000d5580000,0x00000000d6980000,0x00000000d6980000)
  from space 2048K, 99% used [0x00000000d6980000,0x00000000d6b7e198,0x00000000d6b80000)
  to   space 14336K, 0% used [0x00000000d7780000,0x00000000d7780000,0x00000000d8580000)
 ParOldGen       total 68608K, used 49901K [0x0000000080000000, 0x0000000084300000, 0x00000000d5580000)
  object space 68608K, 72% used [0x0000000080000000,0x00000000830bb570,0x0000000084300000)
 Metaspace       used 57808K, committed 59136K, reserved 1114112K
  class space    used 6577K, committed 7168K, reserved 1048576K
}
Event: 24.298 GC heap after
{Heap after GC invocations=34 (full 2):
 PSYoungGen      total 23040K, used 2058K [0x00000000d5580000, 0x00000000d7a00000, 0x0000000100000000)
  eden space 20480K, 0% used [0x00000000d5580000,0x00000000d5580000,0x00000000d6980000)
  from space 2560K, 80% used [0x00000000d7780000,0x00000000d7982b28,0x00000000d7a00000)
  to   space 6144K, 0% used [0x00000000d6e00000,0x00000000d6e00000,0x00000000d7400000)
 ParOldGen       total 68608K, used 51874K [0x0000000080000000, 0x0000000084300000, 0x00000000d5580000)
  object space 68608K, 75% used [0x0000000080000000,0x00000000832a8900,0x0000000084300000)
 Metaspace       used 57808K, committed 59136K, reserved 1114112K
  class space    used 6577K, committed 7168K, reserved 1048576K
}
Event: 31.707 GC heap before
{Heap before GC invocations=35 (full 2):
 PSYoungGen      total 23040K, used 22538K [0x00000000d5580000, 0x00000000d7a00000, 0x0000000100000000)
  eden space 20480K, 100% used [0x00000000d5580000,0x00000000d6980000,0x00000000d6980000)
  from space 2560K, 80% used [0x00000000d7780000,0x00000000d7982b28,0x00000000d7a00000)
  to   space 6144K, 0% used [0x00000000d6e00000,0x00000000d6e00000,0x00000000d7400000)
 ParOldGen       total 68608K, used 51874K [0x0000000080000000, 0x0000000084300000, 0x00000000d5580000)
  object space 68608K, 75% used [0x0000000080000000,0x00000000832a8900,0x0000000084300000)
 Metaspace       used 58327K, committed 59648K, reserved 1114112K
  class space    used 6640K, committed 7232K, reserved 1048576K
}
Event: 31.708 GC heap after
{Heap after GC invocations=35 (full 2):
 PSYoungGen      total 26624K, used 608K [0x00000000d5580000, 0x00000000d7800000, 0x0000000100000000)
  eden space 20480K, 0% used [0x00000000d5580000,0x00000000d5580000,0x00000000d6980000)
  from space 6144K, 9% used [0x00000000d6e00000,0x00000000d6e98000,0x00000000d7400000)
  to   space 2048K, 0% used [0x00000000d7600000,0x00000000d7600000,0x00000000d7800000)
 ParOldGen       total 68608K, used 53796K [0x0000000080000000, 0x0000000084300000, 0x00000000d5580000)
  object space 68608K, 78% used [0x0000000080000000,0x00000000834890b8,0x0000000084300000)
 Metaspace       used 58327K, committed 59648K, reserved 1114112K
  class space    used 6640K, committed 7232K, reserved 1048576K
}
Event: 41.824 GC heap before
{Heap before GC invocations=36 (full 2):
 PSYoungGen      total 26624K, used 21088K [0x00000000d5580000, 0x00000000d7800000, 0x0000000100000000)
  eden space 20480K, 100% used [0x00000000d5580000,0x00000000d6980000,0x00000000d6980000)
  from space 6144K, 9% used [0x00000000d6e00000,0x00000000d6e98000,0x00000000d7400000)
  to   space 2048K, 0% used [0x00000000d7600000,0x00000000d7600000,0x00000000d7800000)
 ParOldGen       total 68608K, used 53796K [0x0000000080000000, 0x0000000084300000, 0x00000000d5580000)
  object space 68608K, 78% used [0x0000000080000000,0x00000000834890b8,0x0000000084300000)
 Metaspace       used 58422K, committed 59712K, reserved 1114112K
  class space    used 6643K, committed 7232K, reserved 1048576K
}
Event: 41.827 GC heap after
{Heap after GC invocations=36 (full 2):
 PSYoungGen      total 21504K, used 800K [0x00000000d5580000, 0x00000000d7700000, 0x0000000100000000)
  eden space 20480K, 0% used [0x00000000d5580000,0x00000000d5580000,0x00000000d6980000)
  from space 1024K, 78% used [0x00000000d7600000,0x00000000d76c8000,0x00000000d7700000)
  to   space 1024K, 0% used [0x00000000d7500000,0x00000000d7500000,0x00000000d7600000)
 ParOldGen       total 68608K, used 54285K [0x0000000080000000, 0x0000000084300000, 0x00000000d5580000)
  object space 68608K, 79% used [0x0000000080000000,0x0000000083503458,0x0000000084300000)
 Metaspace       used 58422K, committed 59712K, reserved 1114112K
  class space    used 6643K, committed 7232K, reserved 1048576K
}
Event: 43.363 GC heap before
{Heap before GC invocations=37 (full 2):
 PSYoungGen      total 21504K, used 21280K [0x00000000d5580000, 0x00000000d7700000, 0x0000000100000000)
  eden space 20480K, 100% used [0x00000000d5580000,0x00000000d6980000,0x00000000d6980000)
  from space 1024K, 78% used [0x00000000d7600000,0x00000000d76c8000,0x00000000d7700000)
  to   space 1024K, 0% used [0x00000000d7500000,0x00000000d7500000,0x00000000d7600000)
 ParOldGen       total 68608K, used 54285K [0x0000000080000000, 0x0000000084300000, 0x00000000d5580000)
  object space 68608K, 79% used [0x0000000080000000,0x0000000083503458,0x0000000084300000)
 Metaspace       used 58440K, committed 59712K, reserved 1114112K
  class space    used 6644K, committed 7232K, reserved 1048576K
}
Event: 43.366 GC heap after
{Heap after GC invocations=37 (full 2):
 PSYoungGen      total 21504K, used 1023K [0x00000000d5580000, 0x00000000d7680000, 0x0000000100000000)
  eden space 20480K, 0% used [0x00000000d5580000,0x00000000d5580000,0x00000000d6980000)
  from space 1024K, 99% used [0x00000000d7500000,0x00000000d75ffd50,0x00000000d7600000)
  to   space 512K, 0% used [0x00000000d7600000,0x00000000d7600000,0x00000000d7680000)
 ParOldGen       total 68608K, used 58037K [0x0000000080000000, 0x0000000084300000, 0x00000000d5580000)
  object space 68608K, 84% used [0x0000000080000000,0x00000000838ad7c0,0x0000000084300000)
 Metaspace       used 58440K, committed 59712K, reserved 1114112K
  class space    used 6644K, committed 7232K, reserved 1048576K
}
Event: 43.433 GC heap before
{Heap before GC invocations=38 (full 2):
 PSYoungGen      total 21504K, used 3855K [0x00000000d5580000, 0x00000000d7680000, 0x0000000100000000)
  eden space 20480K, 13% used [0x00000000d5580000,0x00000000d5844168,0x00000000d6980000)
  from space 1024K, 99% used [0x00000000d7500000,0x00000000d75ffd50,0x00000000d7600000)
  to   space 512K, 0% used [0x00000000d7600000,0x00000000d7600000,0x00000000d7680000)
 ParOldGen       total 68608K, used 58037K [0x0000000080000000, 0x0000000084300000, 0x00000000d5580000)
  object space 68608K, 84% used [0x0000000080000000,0x00000000838ad7c0,0x0000000084300000)
 Metaspace       used 58564K, committed 59776K, reserved 1114112K
  class space    used 6670K, committed 7232K, reserved 1048576K
}
Event: 43.433 GC heap after
{Heap after GC invocations=38 (full 2):
 PSYoungGen      total 20992K, used 288K [0x00000000d5580000, 0x00000000d7680000, 0x0000000100000000)
  eden space 20480K, 0% used [0x00000000d5580000,0x00000000d5580000,0x00000000d6980000)
  from space 512K, 56% used [0x00000000d7600000,0x00000000d7648000,0x00000000d7680000)
  to   space 2048K, 0% used [0x00000000d7280000,0x00000000d7280000,0x00000000d7480000)
 ParOldGen       total 68608K, used 59053K [0x0000000080000000, 0x0000000084300000, 0x00000000d5580000)
  object space 68608K, 86% used [0x0000000080000000,0x00000000839ab5d0,0x0000000084300000)
 Metaspace       used 58564K, committed 59776K, reserved 1114112K
  class space    used 6670K, committed 7232K, reserved 1048576K
}
Event: 43.433 GC heap before
{Heap before GC invocations=39 (full 3):
 PSYoungGen      total 20992K, used 288K [0x00000000d5580000, 0x00000000d7680000, 0x0000000100000000)
  eden space 20480K, 0% used [0x00000000d5580000,0x00000000d5580000,0x00000000d6980000)
  from space 512K, 56% used [0x00000000d7600000,0x00000000d7648000,0x00000000d7680000)
  to   space 2048K, 0% used [0x00000000d7280000,0x00000000d7280000,0x00000000d7480000)
 ParOldGen       total 68608K, used 59053K [0x0000000080000000, 0x0000000084300000, 0x00000000d5580000)
  object space 68608K, 86% used [0x0000000080000000,0x00000000839ab5d0,0x0000000084300000)
 Metaspace       used 58564K, committed 59776K, reserved 1114112K
  class space    used 6670K, committed 7232K, reserved 1048576K
}
Event: 43.515 GC heap after
{Heap after GC invocations=39 (full 3):
 PSYoungGen      total 20992K, used 0K [0x00000000d5580000, 0x00000000d7680000, 0x0000000100000000)
  eden space 20480K, 0% used [0x00000000d5580000,0x00000000d5580000,0x00000000d6980000)
  from space 512K, 0% used [0x00000000d7600000,0x00000000d7600000,0x00000000d7680000)
  to   space 2048K, 0% used [0x00000000d7280000,0x00000000d7280000,0x00000000d7480000)
 ParOldGen       total 68608K, used 53555K [0x0000000080000000, 0x0000000084300000, 0x00000000d5580000)
  object space 68608K, 78% used [0x0000000080000000,0x000000008344cf30,0x0000000084300000)
 Metaspace       used 58564K, committed 59776K, reserved 1114112K
  class space    used 6670K, committed 7232K, reserved 1048576K
}
Event: 44.149 GC heap before
{Heap before GC invocations=40 (full 3):
 PSYoungGen      total 20992K, used 20480K [0x00000000d5580000, 0x00000000d7680000, 0x0000000100000000)
  eden space 20480K, 100% used [0x00000000d5580000,0x00000000d6980000,0x00000000d6980000)
  from space 512K, 0% used [0x00000000d7600000,0x00000000d7600000,0x00000000d7680000)
  to   space 2048K, 0% used [0x00000000d7280000,0x00000000d7280000,0x00000000d7480000)
 ParOldGen       total 68608K, used 53555K [0x0000000080000000, 0x0000000084300000, 0x00000000d5580000)
  object space 68608K, 78% used [0x0000000080000000,0x000000008344cf30,0x0000000084300000)
 Metaspace       used 60545K, committed 61824K, reserved 1114112K
  class space    used 7016K, committed 7616K, reserved 1048576K
}
Event: 44.150 GC heap after
{Heap after GC invocations=40 (full 3):
 PSYoungGen      total 22528K, used 944K [0x00000000d5580000, 0x00000000d7680000, 0x0000000100000000)
  eden space 20480K, 0% used [0x00000000d5580000,0x00000000d5580000,0x00000000d6980000)
  from space 2048K, 46% used [0x00000000d7280000,0x00000000d736c010,0x00000000d7480000)
  to   space 1536K, 0% used [0x00000000d7500000,0x00000000d7500000,0x00000000d7680000)
 ParOldGen       total 68608K, used 53563K [0x0000000080000000, 0x0000000084300000, 0x00000000d5580000)
  object space 68608K, 78% used [0x0000000080000000,0x000000008344ef30,0x0000000084300000)
 Metaspace       used 60545K, committed 61824K, reserved 1114112K
  class space    used 7016K, committed 7616K, reserved 1048576K
}
Event: 44.654 GC heap before
{Heap before GC invocations=41 (full 3):
 PSYoungGen      total 22528K, used 21424K [0x00000000d5580000, 0x00000000d7680000, 0x0000000100000000)
  eden space 20480K, 100% used [0x00000000d5580000,0x00000000d6980000,0x00000000d6980000)
  from space 2048K, 46% used [0x00000000d7280000,0x00000000d736c010,0x00000000d7480000)
  to   space 1536K, 0% used [0x00000000d7500000,0x00000000d7500000,0x00000000d7680000)
 ParOldGen       total 68608K, used 53563K [0x0000000080000000, 0x0000000084300000, 0x00000000d5580000)
  object space 68608K, 78% used [0x0000000080000000,0x000000008344ef30,0x0000000084300000)
 Metaspace       used 62732K, committed 64064K, reserved 1114112K
  class space    used 7404K, committed 8000K, reserved 1048576K
}
Event: 44.657 GC heap after
{Heap after GC invocations=41 (full 3):
 PSYoungGen      total 21504K, used 720K [0x00000000d5580000, 0x00000000d7600000, 0x0000000100000000)
  eden space 20480K, 0% used [0x00000000d5580000,0x00000000d5580000,0x00000000d6980000)
  from space 1024K, 70% used [0x00000000d7500000,0x00000000d75b4010,0x00000000d7600000)
  to   space 1024K, 0% used [0x00000000d7400000,0x00000000d7400000,0x00000000d7500000)
 ParOldGen       total 68608K, used 54355K [0x0000000080000000, 0x0000000084300000, 0x00000000d5580000)
  object space 68608K, 79% used [0x0000000080000000,0x0000000083514f60,0x0000000084300000)
 Metaspace       used 62732K, committed 64064K, reserved 1114112K
  class space    used 7404K, committed 8000K, reserved 1048576K
}
Event: 77.745 GC heap before
{Heap before GC invocations=42 (full 3):
 PSYoungGen      total 21504K, used 21197K [0x00000000d5580000, 0x00000000d7600000, 0x0000000100000000)
  eden space 20480K, 99% used [0x00000000d5580000,0x00000000d697f410,0x00000000d6980000)
  from space 1024K, 70% used [0x00000000d7500000,0x00000000d75b4010,0x00000000d7600000)
  to   space 1024K, 0% used [0x00000000d7400000,0x00000000d7400000,0x00000000d7500000)
 ParOldGen       total 68608K, used 54355K [0x0000000080000000, 0x0000000084300000, 0x00000000d5580000)
  object space 68608K, 79% used [0x0000000080000000,0x0000000083514f60,0x0000000084300000)
 Metaspace       used 64497K, committed 65856K, reserved 1114112K
  class space    used 7622K, committed 8192K, reserved 1048576K
}
Event: 77.747 GC heap after
{Heap after GC invocations=42 (full 3):
 PSYoungGen      total 21504K, used 1010K [0x00000000d5580000, 0x00000000d7580000, 0x0000000100000000)
  eden space 20480K, 0% used [0x00000000d5580000,0x00000000d5580000,0x00000000d6980000)
  from space 1024K, 98% used [0x00000000d7400000,0x00000000d74fc918,0x00000000d7500000)
  to   space 512K, 0% used [0x00000000d7500000,0x00000000d7500000,0x00000000d7580000)
 ParOldGen       total 68608K, used 55283K [0x0000000080000000, 0x0000000084300000, 0x00000000d5580000)
  object space 68608K, 80% used [0x0000000080000000,0x00000000835fcdd0,0x0000000084300000)
 Metaspace       used 64497K, committed 65856K, reserved 1114112K
  class space    used 7622K, committed 8192K, reserved 1048576K
}

